<?xml version="1.0" encoding="UTF-8" standalone="yes"?><!DOCTYPE report PUBLIC "-//JACOCO//DTD Report 1.1//EN" "report.dtd"><report name="junit5-mps-uma"><sessioninfo id="MacBook-Pro.local-ab31cbd5" start="1742411403881" dump="1742411404574"/><sessioninfo id="MacBook-Pro.local-12238204" start="1742411580944" dump="1742411581671"/><sessioninfo id="MacBook-Pro.local-35021448" start="1742411766866" dump="1742411767536"/><sessioninfo id="MacBook-Pro.local-b7b307d4" start="1742466950883" dump="1742466951841"/><sessioninfo id="MacBook-Pro.local-4df5b4a1" start="1742467086188" dump="1742467087019"/><sessioninfo id="MacBook-Pro.local-63310162" start="1742467119724" dump="1742467120555"/><sessioninfo id="MacBook-Pro.local-4e62731" start="1742467166352" dump="1742467167209"/><sessioninfo id="MacBook-Pro.local-91eb1bce" start="1742467223697" dump="1742467224622"/><sessioninfo id="MacBook-Pro.local-30503e94" start="1742467344643" dump="1742467345650"/><sessioninfo id="MacBook-Pro.local-3f92d32f" start="1742467363857" dump="1742467364633"/><sessioninfo id="MacBook-Pro.local-826748d5" start="1742467425198" dump="1742467426094"/><sessioninfo id="MacBook-Pro.local-a10f287c" start="1742467483459" dump="1742467484337"/><sessioninfo id="MacBook-Pro.local-6771e511" start="1742467526579" dump="1742467527488"/><sessioninfo id="MacBook-Pro.local-cb4308a5" start="1742467590635" dump="1742467591502"/><sessioninfo id="MacBook-Pro.local-7b117d1c" start="1742467630788" dump="1742467631657"/><sessioninfo id="MacBook-Pro.local-157dfefe" start="1742467645934" dump="1742467646735"/><sessioninfo id="MacBook-Pro.local-d7aedf66" start="1742467733261" dump="1742467734219"/><sessioninfo id="MacBook-Pro.local-eee030ed" start="1742468140561" dump="1742468141430"/><sessioninfo id="martu-9c955418" start="1742468698779" dump="1742468699962"/><sessioninfo id="martu-40f246f3" start="1742468759766" dump="1742468760869"/><sessioninfo id="martu-a1a692db" start="1742468854097" dump="1742468855255"/><sessioninfo id="martu-9edf3de4" start="1742468971821" dump="1742468973074"/><sessioninfo id="martu-2e76c780" start="1742469224484" dump="1742469225583"/><sessioninfo id="martu-1713cc4" start="1742469282879" dump="1742469284139"/><sessioninfo id="martu-6289535" start="1742469361143" dump="1742469362362"/><sessioninfo id="martu-c4342e23" start="1742469459028" dump="1742469460156"/><sessioninfo id="martu-195a8770" start="1742469489492" dump="1742469490605"/><sessioninfo id="martu-3aca326b" start="1742469547991" dump="1742469549147"/><sessioninfo id="martu-1203b5e" start="1742469587386" dump="1742469588490"/><sessioninfo id="martu-41319be3" start="1742469627809" dump="1742469628958"/><sessioninfo id="martu-a0857c3e" start="1742469673537" dump="1742469674637"/><sessioninfo id="martu-93cfb3b9" start="1742469693322" dump="1742469694506"/><sessioninfo id="martu-13ffccc7" start="1742469725091" dump="1742469726246"/><sessioninfo id="martu-b8ecbdc3" start="1742469757740" dump="1742469759012"/><sessioninfo id="martu-136df1d7" start="1742469832161" dump="1742469833225"/><sessioninfo id="martu-5cc14cdc" start="1742469871968" dump="1742469873070"/><sessioninfo id="martu-ceb03726" start="1742469972081" dump="1742469973245"/><sessioninfo id="MacBook-Pro.local-455e40d0" start="1742470128994" dump="1742470129989"/><sessioninfo id="MacBook-Pro.local-24435a45" start="1742470404155" dump="1742470405075"/><sessioninfo id="MacBook-Pro.local-d44edb65" start="1742470575936" dump="1742470577779"/><sessioninfo id="MacBook-Pro.local-a9982514" start="1742471661439" dump="1742471662329"/><sessioninfo id="MacBook-Pro.local-9f5fecf9" start="1742471785587" dump="1742471786888"/><sessioninfo id="MacBook-Pro.local-a064735e" start="1742472028948" dump="1742472029942"/><sessioninfo id="MacBook-Pro.local-ccb62e7f" start="1742472051690" dump="1742472052585"/><sessioninfo id="MacBook-Pro.local-c3b41e8a" start="1742472948400" dump="1742472949471"/><sessioninfo id="martu-4b9925a" start="1743074078956" dump="1743074080140"/><sessioninfo id="martu-32d61e6c" start="1743074162535" dump="1743074163799"/><sessioninfo id="martu-7f60db64" start="1743074234283" dump="1743074235476"/><sessioninfo id="martu-35646884" start="1743074275168" dump="1743074276370"/><sessioninfo id="martu-db3b6922" start="1743074339132" dump="1743074340402"/><sessioninfo id="martu-5b5744b8" start="1743074410220" dump="1743074411510"/><package name="tree"><class name="tree/BinarySearchTreeStructure" sourcefilename="BinarySearchTreeStructure.java"/><class name="tree/BinarySearchTree" sourcefilename="BinarySearchTree.java"><method name="render" desc="()Ljava/lang/String;" line="14"><counter type="INSTRUCTION" missed="0" covered="46"/><counter type="BRANCH" missed="0" covered="10"/><counter type="LINE" missed="0" covered="12"/><counter type="COMPLEXITY" missed="0" covered="6"/><counter type="METHOD" missed="0" covered="1"/></method><method name="&lt;init&gt;" desc="(Ljava/util/Comparator;)V" line="35"><counter type="INSTRUCTION" missed="0" covered="15"/><counter type="LINE" missed="0" covered="6"/><counter type="COMPLEXITY" missed="0" covered="1"/><counter type="METHOD" missed="0" covered="1"/></method><method name="insert" desc="(Ljava/lang/Object;)V" line="46"><counter type="INSTRUCTION" missed="0" covered="64"/><counter type="BRANCH" missed="0" covered="10"/><counter type="LINE" missed="0" covered="14"/><counter type="COMPLEXITY" missed="0" covered="6"/><counter type="METHOD" missed="0" covered="1"/></method><method name="isLeaf" desc="()Z" line="75"><counter type="INSTRUCTION" missed="0" covered="10"/><counter type="BRANCH" missed="0" covered="4"/><counter type="LINE" missed="0" covered="1"/><counter type="COMPLEXITY" missed="0" covered="3"/><counter type="METHOD" missed="0" covered="1"/></method><method name="contains" desc="(Ljava/lang/Object;)Z" line="82"><counter type="INSTRUCTION" missed="0" covered="36"/><counter type="BRANCH" missed="0" covered="8"/><counter type="LINE" missed="0" covered="9"/><counter type="COMPLEXITY" missed="0" covered="5"/><counter type="METHOD" missed="0" covered="1"/></method><method name="minimum" desc="()Ljava/lang/Object;" line="102"><counter type="INSTRUCTION" missed="0" covered="23"/><counter type="BRANCH" missed="0" covered="4"/><counter type="LINE" missed="0" covered="7"/><counter type="COMPLEXITY" missed="0" covered="3"/><counter type="METHOD" missed="0" covered="1"/></method><method name="maximum" desc="()Ljava/lang/Object;" line="118"><counter type="INSTRUCTION" missed="0" covered="23"/><counter type="BRANCH" missed="0" covered="4"/><counter type="LINE" missed="0" covered="7"/><counter type="COMPLEXITY" missed="0" covered="3"/><counter type="METHOD" missed="0" covered="1"/></method><method name="removeBranch" desc="(Ljava/lang/Object;)V" line="134"><counter type="INSTRUCTION" missed="0" covered="46"/><counter type="BRANCH" missed="0" covered="8"/><counter type="LINE" missed="0" covered="10"/><counter type="COMPLEXITY" missed="0" covered="5"/><counter type="METHOD" missed="0" covered="1"/></method><method name="size" desc="()I" line="153"><counter type="INSTRUCTION" missed="6" covered="20"/><counter type="BRANCH" missed="1" covered="5"/><counter type="LINE" missed="1" covered="7"/><counter type="COMPLEXITY" missed="1" covered="3"/><counter type="METHOD" missed="0" covered="1"/></method><method name="depth" desc="()I" line="170"><counter type="INSTRUCTION" missed="6" covered="32"/><counter type="BRANCH" missed="1" covered="5"/><counter type="LINE" missed="1" covered="11"/><counter type="COMPLEXITY" missed="1" covered="3"/><counter type="METHOD" missed="0" covered="1"/></method><method name="removeValue" desc="(Ljava/lang/Object;)V" line="197"><counter type="INSTRUCTION" missed="16" covered="80"/><counter type="BRANCH" missed="2" covered="14"/><counter type="LINE" missed="3" covered="17"/><counter type="COMPLEXITY" missed="2" covered="7"/><counter type="METHOD" missed="0" covered="1"/></method><method name="inOrder" desc="()Ljava/util/List;" line="234"><counter type="INSTRUCTION" missed="0" covered="32"/><counter type="BRANCH" missed="1" covered="5"/><counter type="LINE" missed="0" covered="8"/><counter type="COMPLEXITY" missed="1" covered="3"/><counter type="METHOD" missed="0" covered="1"/></method><method name="balance" desc="()V" line="255"><counter type="INSTRUCTION" missed="26" covered="0"/><counter type="LINE" missed="7" covered="0"/><counter type="COMPLEXITY" missed="1" covered="0"/><counter type="METHOD" missed="1" covered="0"/></method><method name="balanceAux" desc="(Ljava/util/List;Ltree/BinarySearchTree;)V" line="265"><counter type="INSTRUCTION" missed="46" covered="0"/><counter type="BRANCH" missed="4" covered="0"/><counter type="LINE" missed="10" covered="0"/><counter type="COMPLEXITY" missed="3" covered="0"/><counter type="METHOD" missed="1" covered="0"/></method><counter type="INSTRUCTION" missed="100" covered="427"/><counter type="BRANCH" missed="9" covered="77"/><counter type="LINE" missed="22" covered="109"/><counter type="COMPLEXITY" missed="9" covered="48"/><counter type="METHOD" missed="2" covered="12"/><counter type="CLASS" missed="0" covered="1"/></class><class name="tree/BinarySearchTreeMain" sourcefilename="BinarySearchTreeMain.java"><method name="&lt;init&gt;" desc="()V" line="3"><counter type="INSTRUCTION" missed="3" covered="0"/><counter type="LINE" missed="1" covered="0"/><counter type="COMPLEXITY" missed="1" covered="0"/><counter type="METHOD" missed="1" covered="0"/></method><method name="main" desc="([Ljava/lang/String;)V" line="23"><counter type="INSTRUCTION" missed="52" covered="0"/><counter type="LINE" missed="14" covered="0"/><counter type="COMPLEXITY" missed="1" covered="0"/><counter type="METHOD" missed="1" covered="0"/></method><counter type="INSTRUCTION" missed="55" covered="0"/><counter type="LINE" missed="15" covered="0"/><counter type="COMPLEXITY" missed="2" covered="0"/><counter type="METHOD" missed="2" covered="0"/><counter type="CLASS" missed="1" covered="0"/></class><class name="tree/BinarySearchTreeException" sourcefilename="BinarySearchTreeException.java"><method name="&lt;init&gt;" desc="(Ljava/lang/String;)V" line="5"><counter type="INSTRUCTION" missed="0" covered="4"/><counter type="LINE" missed="0" covered="2"/><counter type="COMPLEXITY" missed="0" covered="1"/><counter type="METHOD" missed="0" covered="1"/></method><counter type="INSTRUCTION" missed="0" covered="4"/><counter type="LINE" missed="0" covered="2"/><counter type="COMPLEXITY" missed="0" covered="1"/><counter type="METHOD" missed="0" covered="1"/><counter type="CLASS" missed="0" covered="1"/></class><sourcefile name="BinarySearchTreeMain.java"><line nr="3" mi="3" ci="0" mb="0" cb="0"/><line nr="23" mi="5" ci="0" mb="0" cb="0"/><line nr="24" mi="4" ci="0" mb="0" cb="0"/><line nr="25" mi="4" ci="0" mb="0" cb="0"/><line nr="26" mi="4" ci="0" mb="0" cb="0"/><line nr="27" mi="4" ci="0" mb="0" cb="0"/><line nr="28" mi="4" ci="0" mb="0" cb="0"/><line nr="29" mi="4" ci="0" mb="0" cb="0"/><line nr="30" mi="4" ci="0" mb="0" cb="0"/><line nr="31" mi="4" ci="0" mb="0" cb="0"/><line nr="32" mi="4" ci="0" mb="0" cb="0"/><line nr="33" mi="4" ci="0" mb="0" cb="0"/><line nr="34" mi="2" ci="0" mb="0" cb="0"/><line nr="35" mi="4" ci="0" mb="0" cb="0"/><line nr="36" mi="1" ci="0" mb="0" cb="0"/><counter type="INSTRUCTION" missed="55" covered="0"/><counter type="LINE" missed="15" covered="0"/><counter type="COMPLEXITY" missed="2" covered="0"/><counter type="METHOD" missed="2" covered="0"/><counter type="CLASS" missed="1" covered="0"/></sourcefile><sourcefile name="BinarySearchTree.java"><line nr="14" mi="0" ci="2" mb="0" cb="0"/><line nr="16" mi="0" ci="3" mb="0" cb="2"/><line nr="17" mi="0" ci="6" mb="0" cb="0"/><line nr="20" mi="0" ci="6" mb="0" cb="4"/><line nr="21" mi="0" ci="3" mb="0" cb="0"/><line nr="22" mi="0" ci="3" mb="0" cb="2"/><line nr="23" mi="0" ci="6" mb="0" cb="0"/><line nr="25" mi="0" ci="3" mb="0" cb="0"/><line nr="26" mi="0" ci="3" mb="0" cb="2"/><line nr="27" mi="0" ci="6" mb="0" cb="0"/><line nr="29" mi="0" ci="3" mb="0" cb="0"/><line nr="32" mi="0" ci="2" mb="0" cb="0"/><line nr="35" mi="0" ci="2" mb="0" cb="0"/><line nr="36" mi="0" ci="3" mb="0" cb="0"/><line nr="37" mi="0" ci="3" mb="0" cb="0"/><line nr="38" mi="0" ci="3" mb="0" cb="0"/><line nr="39" mi="0" ci="3" mb="0" cb="0"/><line nr="42" mi="0" ci="1" mb="0" cb="0"/><line nr="46" mi="0" ci="5" mb="0" cb="2"/><line nr="47" mi="0" ci="5" mb="0" cb="0"/><line nr="50" mi="0" ci="3" mb="0" cb="2"/><line nr="51" mi="0" ci="4" mb="0" cb="0"/><line nr="53" mi="0" ci="7" mb="0" cb="2"/><line nr="54" mi="0" ci="3" mb="0" cb="2"/><line nr="55" mi="0" ci="7" mb="0" cb="0"/><line nr="56" mi="0" ci="5" mb="0" cb="0"/><line nr="58" mi="0" ci="5" mb="0" cb="0"/><line nr="61" mi="0" ci="3" mb="0" cb="2"/><line nr="62" mi="0" ci="7" mb="0" cb="0"/><line nr="63" mi="0" ci="5" mb="0" cb="0"/><line nr="65" mi="0" ci="4" mb="0" cb="0"/><line nr="70" mi="0" ci="1" mb="0" cb="0"/><line nr="75" mi="0" ci="10" mb="0" cb="4"/><line nr="82" mi="0" ci="2" mb="0" cb="0"/><line nr="83" mi="0" ci="5" mb="0" cb="2"/><line nr="84" mi="0" ci="3" mb="0" cb="0"/><line nr="86" mi="0" ci="7" mb="0" cb="2"/><line nr="87" mi="0" ci="3" mb="0" cb="2"/><line nr="88" mi="0" ci="6" mb="0" cb="0"/><line nr="91" mi="0" ci="3" mb="0" cb="2"/><line nr="92" mi="0" ci="5" mb="0" cb="0"/><line nr="97" mi="0" ci="2" mb="0" cb="0"/><line nr="102" mi="0" ci="3" mb="0" cb="2"/><line nr="103" mi="0" ci="5" mb="0" cb="0"/><line nr="105" mi="0" ci="2" mb="0" cb="0"/><line nr="107" mi="0" ci="3" mb="0" cb="2"/><line nr="108" mi="0" ci="5" mb="0" cb="0"/><line nr="110" mi="0" ci="3" mb="0" cb="0"/><line nr="113" mi="0" ci="2" mb="0" cb="0"/><line nr="118" mi="0" ci="3" mb="0" cb="2"/><line nr="119" mi="0" ci="5" mb="0" cb="0"/><line nr="121" mi="0" ci="2" mb="0" cb="0"/><line nr="123" mi="0" ci="3" mb="0" cb="2"/><line nr="124" mi="0" ci="5" mb="0" cb="0"/><line nr="126" mi="0" ci="3" mb="0" cb="0"/><line nr="129" mi="0" ci="2" mb="0" cb="0"/><line nr="134" mi="0" ci="7" mb="0" cb="4"/><line nr="135" mi="0" ci="5" mb="0" cb="0"/><line nr="138" mi="0" ci="7" mb="0" cb="2"/><line nr="139" mi="0" ci="5" mb="0" cb="0"/><line nr="141" mi="0" ci="7" mb="0" cb="2"/><line nr="142" mi="0" ci="5" mb="0" cb="0"/><line nr="145" mi="0" ci="3" mb="0" cb="0"/><line nr="146" mi="0" ci="3" mb="0" cb="0"/><line nr="147" mi="0" ci="3" mb="0" cb="0"/><line nr="149" mi="0" ci="1" mb="0" cb="0"/><line nr="153" mi="0" ci="2" mb="0" cb="0"/><line nr="155" mi="0" ci="3" mb="0" cb="2"/><line nr="156" mi="0" ci="1" mb="0" cb="0"/><line nr="157" mi="0" ci="3" mb="0" cb="2"/><line nr="158" mi="0" ci="6" mb="0" cb="0"/><line nr="160" mi="0" ci="3" mb="1" cb="1"/><line nr="161" mi="6" ci="0" mb="0" cb="0"/><line nr="165" mi="0" ci="2" mb="0" cb="0"/><line nr="170" mi="0" ci="2" mb="0" cb="0"/><line nr="171" mi="0" ci="3" mb="0" cb="2"/><line nr="172" mi="0" ci="2" mb="0" cb="0"/><line nr="173" mi="0" ci="2" mb="0" cb="0"/><line nr="174" mi="0" ci="3" mb="0" cb="2"/><line nr="175" mi="0" ci="6" mb="0" cb="0"/><line nr="177" mi="0" ci="3" mb="1" cb="1"/><line nr="178" mi="6" ci="0" mb="0" cb="0"/><line nr="180" mi="0" ci="6" mb="0" cb="0"/><line nr="181" mi="0" ci="1" mb="0" cb="0"/><line nr="182" mi="0" ci="2" mb="0" cb="0"/><line nr="185" mi="0" ci="2" mb="0" cb="0"/><line nr="197" mi="0" ci="7" mb="0" cb="4"/><line nr="198" mi="0" ci="5" mb="0" cb="0"/><line nr="201" mi="0" ci="7" mb="0" cb="2"/><line nr="202" mi="0" ci="5" mb="0" cb="0"/><line nr="203" mi="0" ci="7" mb="0" cb="2"/><line nr="204" mi="0" ci="5" mb="0" cb="0"/><line nr="206" mi="0" ci="6" mb="1" cb="3"/><line nr="208" mi="0" ci="4" mb="0" cb="0"/><line nr="209" mi="0" ci="3" mb="0" cb="0"/><line nr="210" mi="0" ci="4" mb="0" cb="0"/><line nr="211" mi="0" ci="4" mb="1" cb="1"/><line nr="213" mi="5" ci="0" mb="0" cb="0"/><line nr="214" mi="5" ci="0" mb="0" cb="0"/><line nr="215" mi="6" ci="0" mb="0" cb="0"/><line nr="216" mi="0" ci="3" mb="0" cb="2"/><line nr="218" mi="0" ci="5" mb="0" cb="0"/><line nr="219" mi="0" ci="5" mb="0" cb="0"/><line nr="220" mi="0" ci="6" mb="0" cb="0"/><line nr="223" mi="0" ci="3" mb="0" cb="0"/><line nr="226" mi="0" ci="1" mb="0" cb="0"/><line nr="234" mi="0" ci="4" mb="0" cb="0"/><line nr="236" mi="0" ci="3" mb="1" cb="1"/><line nr="237" mi="0" ci="3" mb="0" cb="2"/><line nr="238" mi="0" ci="6" mb="0" cb="0"/><line nr="240" mi="0" ci="5" mb="0" cb="0"/><line nr="242" mi="0" ci="3" mb="0" cb="2"/><line nr="243" mi="0" ci="6" mb="0" cb="0"/><line nr="247" mi="0" ci="2" mb="0" cb="0"/><line nr="255" mi="3" ci="0" mb="0" cb="0"/><line nr="256" mi="6" ci="0" mb="0" cb="0"/><line nr="257" mi="4" ci="0" mb="0" cb="0"/><line nr="258" mi="4" ci="0" mb="0" cb="0"/><line nr="259" mi="4" ci="0" mb="0" cb="0"/><line nr="260" mi="4" ci="0" mb="0" cb="0"/><line nr="262" mi="1" ci="0" mb="0" cb="0"/><line nr="265" mi="4" ci="0" mb="2" cb="0"/><line nr="266" mi="6" ci="0" mb="0" cb="0"/><line nr="268" mi="4" ci="0" mb="2" cb="0"/><line nr="269" mi="5" ci="0" mb="0" cb="0"/><line nr="270" mi="5" ci="0" mb="0" cb="0"/><line nr="271" mi="5" ci="0" mb="0" cb="0"/><line nr="272" mi="8" ci="0" mb="0" cb="0"/><line nr="273" mi="4" ci="0" mb="0" cb="0"/><line nr="274" mi="4" ci="0" mb="0" cb="0"/><line nr="276" mi="1" ci="0" mb="0" cb="0"/><counter type="INSTRUCTION" missed="100" covered="427"/><counter type="BRANCH" missed="9" covered="77"/><counter type="LINE" missed="22" covered="109"/><counter type="COMPLEXITY" missed="9" covered="48"/><counter type="METHOD" missed="2" covered="12"/><counter type="CLASS" missed="0" covered="1"/></sourcefile><sourcefile name="BinarySearchTreeException.java"><line nr="5" mi="0" ci="3" mb="0" cb="0"/><line nr="6" mi="0" ci="1" mb="0" cb="0"/><counter type="INSTRUCTION" missed="0" covered="4"/><counter type="LINE" missed="0" covered="2"/><counter type="COMPLEXITY" missed="0" covered="1"/><counter type="METHOD" missed="0" covered="1"/><counter type="CLASS" missed="0" covered="1"/></sourcefile><sourcefile name="BinarySearchTreeStructure.java"/><counter type="INSTRUCTION" missed="155" covered="431"/><counter type="BRANCH" missed="9" covered="77"/><counter type="LINE" missed="37" covered="111"/><counter type="COMPLEXITY" missed="11" covered="49"/><counter type="METHOD" missed="4" covered="13"/><counter type="CLASS" missed="1" covered="2"/></package><counter type="INSTRUCTION" missed="155" covered="431"/><counter type="BRANCH" missed="9" covered="77"/><counter type="LINE" missed="37" covered="111"/><counter type="COMPLEXITY" missed="11" covered="49"/><counter type="METHOD" missed="4" covered="13"/><counter type="CLASS" missed="1" covered="2"/></report>